Welcome to Xilinx CORE Generator.
Help system initialized.
The IP Catalog has been reloaded.
Opening project file /home/dan/Lab4/ipcore_dir/coregen.cgp.
New Project Cancelled.
Customize and GenerateINFO:sim:172 - Generating IP...
Applying current project options...
Finished applying current project options.
Resolving generics for 'DEBUG_RAM'...
Applying external generics to 'DEBUG_RAM'...
Delivering associated files for 'DEBUG_RAM'...
Delivering EJava files for 'DEBUG_RAM'...
Generating implementation netlist for 'DEBUG_RAM'...
INFO:sim - Pre-processing HDL files for 'DEBUG_RAM'...
Running synthesis for 'DEBUG_RAM'
Running ngcbuild...
Writing VHO instantiation template for 'DEBUG_RAM'...
Writing VHDL behavioral simulation model for 'DEBUG_RAM'...
WARNING:sim - Overwriting existing file
   /home/dan/Lab4/ipcore_dir/tmp/_cg/DEBUG_RAM/doc/blk_mem_gen_v7_3_vinfo.html
   with file from view xilinx_documentation
Delivered 1 file into directory /home/dan/Lab4/ipcore_dir/tmp/_cg/DEBUG_RAM
Generating ASY schematic symbol...
INFO:sim:949 - Finished generation of ASY schematic symbol.
Generating metadata file...
Generating ISE project file for 'DEBUG_RAM'...
Generating ISE project...
XCO file found: DEBUG_RAM.xco
XMDF file found: DEBUG_RAM_xmdf.tcl
Adding /home/dan/Lab4/ipcore_dir/tmp/_cg/DEBUG_RAM.asy -view all -origin_type
imported
Adding /home/dan/Lab4/ipcore_dir/tmp/_cg/DEBUG_RAM.ngc -view all -origin_type
created
Checking file "/home/dan/Lab4/ipcore_dir/tmp/_cg/DEBUG_RAM.ngc" for project
device match ...
File "/home/dan/Lab4/ipcore_dir/tmp/_cg/DEBUG_RAM.ngc" device information
matches project device.
Adding /home/dan/Lab4/ipcore_dir/tmp/_cg/DEBUG_RAM.vhd -view all -origin_type
created
INFO:HDLCompiler:1061 - Parsing VHDL file
   "/home/dan/Lab4/ipcore_dir/tmp/_cg/DEBUG_RAM.vhd" into library work
INFO:ProjectMgmt - Parsing design hierarchy completed successfully.
Adding /home/dan/Lab4/ipcore_dir/tmp/_cg/DEBUG_RAM.vho -view all -origin_type
imported
INFO:TclTasksC:2116 - The automatic calculation of top has been turned-off.
   Please set the new top explicitly by running the "project set top" command.
   To re-calculate the new top automatically, set the "Auto Implementation Top"
   property to true.
Top level has been set to "/DEBUG_RAM"
Generating README file...
Generating FLIST file...
INFO:sim:948 - Finished FLIST file generation.
Launching README viewer...
Moving files to output directory...
Finished moving files to output directory
Saved CGP file for project 'coregen'.
Closed project file.
